Compiling the C compiler identification source file "CMakeCCompilerId.c" failed.
Compiler: C:/cygwin64/bin/cc 
Build flags: 
Id flags:  

The output was:
Отказано в доступе


Compiling the C compiler identification source file "CMakeCCompilerId.c" failed.
Compiler: C:/cygwin64/bin/cc 
Build flags: 
Id flags: -c 

The output was:
Отказано в доступе


Compiling the C compiler identification source file "CMakeCCompilerId.c" failed.
Compiler: C:/cygwin64/bin/cc 
Build flags: 
Id flags: -Aa 

The output was:
Отказано в доступе


Compiling the C compiler identification source file "CMakeCCompilerId.c" failed.
Compiler: C:/cygwin64/bin/cc 
Build flags: 
Id flags: -D__CLASSIC_C__ 

The output was:
Отказано в доступе


Compiling the C compiler identification source file "CMakeCCompilerId.c" failed.
Compiler: C:/cygwin64/bin/cc 
Build flags: 
Id flags: --target=arm-arm-none-eabi;-mcpu=cortex-m3 

The output was:
Отказано в доступе


Compiling the C compiler identification source file "CMakeCCompilerId.c" failed.
Compiler: C:/cygwin64/bin/cc 
Build flags: 
Id flags:  

The output was:
Отказано в доступе


Compiling the C compiler identification source file "CMakeCCompilerId.c" failed.
Compiler: C:/cygwin64/bin/cc 
Build flags: 
Id flags: -c 

The output was:
Отказано в доступе


Compiling the C compiler identification source file "CMakeCCompilerId.c" failed.
Compiler: C:/cygwin64/bin/cc 
Build flags: 
Id flags: -Aa 

The output was:
Отказано в доступе


Compiling the C compiler identification source file "CMakeCCompilerId.c" failed.
Compiler: C:/cygwin64/bin/cc 
Build flags: 
Id flags: -D__CLASSIC_C__ 

The output was:
Отказано в доступе


Compiling the C compiler identification source file "CMakeCCompilerId.c" failed.
Compiler: C:/cygwin64/bin/cc 
Build flags: 
Id flags: --target=arm-arm-none-eabi;-mcpu=cortex-m3 

The output was:
Отказано в доступе


Checking whether the C compiler is IAR using "" did not match "IAR .+ Compiler":
Checking whether the C compiler is IAR using "" did not match "IAR .+ Compiler":
Determining if the C compiler works failed with the following output:
Change Dir: C:/универ/GITHUB/LABA9/out/build/x64-Debug/_3rdParty/Hunter/toolchain/_builds/CMakeFiles/CMakeTmp

Run Build Command(s):C:/Program Files (x86)/Microsoft Visual Studio/2019/Community/Common7/IDE/CommonExtensions/Microsoft/CMake/Ninja/ninja.exe cmTC_56bef && ninja: fatal: CreateProcess: ╬Єърчрэю т фюёЄєях.




